C:\DEV\VOLVIEWER\DEBUG\VOLVIEWER.PCH
C:\DEV\VOLVIEWER\DEBUG\STDAFX.OBJ
C:\DEV\VOLVIEWER\DEBUG\VC110.PDB
C:\DEV\VOLVIEWER\DEBUG\CHILDVIEW.OBJ
C:\DEV\VOLVIEWER\DEBUG\MAINFRM.OBJ
C:\DEV\VOLVIEWER\DEBUG\VOLVIEWER.OBJ
C:\DEV\VOLVIEWER\DEBUG\RENDERENGINE.OBJ
C:\DEV\VOLVIEWER\DEBUG\MATH.OBJ
C:\DEV\VOLVIEWER\DEBUG\VOLVIEWER.ILK
C:\DEV\VOLVIEWER\DEBUG\VOLVIEWER.EXE
C:\DEV\VOLVIEWER\DEBUG\VOLVIEWER.PDB
C:\DEV\VOLVIEWER\DEBUG\VOLVIEWER.RES
C:\dev\volviewer\Debug\cl.command.1.tlog
C:\dev\volviewer\Debug\CL.read.1.tlog
C:\dev\volviewer\Debug\CL.write.1.tlog
C:\dev\volviewer\Debug\link-cvtres.read.1.tlog
C:\dev\volviewer\Debug\link-cvtres.write.1.tlog
C:\dev\volviewer\Debug\link-mt.read.1.tlog
C:\dev\volviewer\Debug\link-mt.write.1.tlog
C:\dev\volviewer\Debug\link-rc.read.1.tlog
C:\dev\volviewer\Debug\link-rc.write.1.tlog
C:\dev\volviewer\Debug\link.1132-cvtres.read.1.tlog
C:\dev\volviewer\Debug\link.1132-cvtres.write.1.tlog
C:\dev\volviewer\Debug\link.1132-mt.read.1.tlog
C:\dev\volviewer\Debug\link.1132-mt.write.1.tlog
C:\dev\volviewer\Debug\link.1132-rc.read.1.tlog
C:\dev\volviewer\Debug\link.1132-rc.write.1.tlog
C:\dev\volviewer\Debug\link.1132.read.1.tlog
C:\dev\volviewer\Debug\link.1132.write.1.tlog
C:\dev\volviewer\Debug\link.1452-cvtres.read.1.tlog
C:\dev\volviewer\Debug\link.1452-cvtres.write.1.tlog
C:\dev\volviewer\Debug\link.1452-mt.read.1.tlog
C:\dev\volviewer\Debug\link.1452-mt.write.1.tlog
C:\dev\volviewer\Debug\link.1452-rc.read.1.tlog
C:\dev\volviewer\Debug\link.1452-rc.write.1.tlog
C:\dev\volviewer\Debug\link.1452.read.1.tlog
C:\dev\volviewer\Debug\link.1452.write.1.tlog
C:\dev\volviewer\Debug\link.2148-cvtres.read.1.tlog
C:\dev\volviewer\Debug\link.2148-cvtres.write.1.tlog
C:\dev\volviewer\Debug\link.2148-mt.read.1.tlog
C:\dev\volviewer\Debug\link.2148-mt.write.1.tlog
C:\dev\volviewer\Debug\link.2148-rc.read.1.tlog
C:\dev\volviewer\Debug\link.2148-rc.write.1.tlog
C:\dev\volviewer\Debug\link.2148.read.1.tlog
C:\dev\volviewer\Debug\link.2148.write.1.tlog
C:\dev\volviewer\Debug\link.3300-cvtres.read.1.tlog
C:\dev\volviewer\Debug\link.3300-cvtres.write.1.tlog
C:\dev\volviewer\Debug\link.3300-mt.read.1.tlog
C:\dev\volviewer\Debug\link.3300-mt.write.1.tlog
C:\dev\volviewer\Debug\link.3300-rc.read.1.tlog
C:\dev\volviewer\Debug\link.3300-rc.write.1.tlog
C:\dev\volviewer\Debug\link.3300.read.1.tlog
C:\dev\volviewer\Debug\link.3300.write.1.tlog
C:\dev\volviewer\Debug\link.3764-cvtres.read.1.tlog
C:\dev\volviewer\Debug\link.3764-cvtres.write.1.tlog
C:\dev\volviewer\Debug\link.3764-mt.read.1.tlog
C:\dev\volviewer\Debug\link.3764-mt.write.1.tlog
C:\dev\volviewer\Debug\link.3764-rc.read.1.tlog
C:\dev\volviewer\Debug\link.3764-rc.write.1.tlog
C:\dev\volviewer\Debug\link.3764.read.1.tlog
C:\dev\volviewer\Debug\link.3764.write.1.tlog
C:\dev\volviewer\Debug\link.3812-cvtres.read.1.tlog
C:\dev\volviewer\Debug\link.3812-cvtres.write.1.tlog
C:\dev\volviewer\Debug\link.3812-mt.read.1.tlog
C:\dev\volviewer\Debug\link.3812-mt.write.1.tlog
C:\dev\volviewer\Debug\link.3812-rc.read.1.tlog
C:\dev\volviewer\Debug\link.3812-rc.write.1.tlog
C:\dev\volviewer\Debug\link.3812.read.1.tlog
C:\dev\volviewer\Debug\link.3812.write.1.tlog
C:\dev\volviewer\Debug\link.4080-cvtres.read.1.tlog
C:\dev\volviewer\Debug\link.4080-cvtres.write.1.tlog
C:\dev\volviewer\Debug\link.4080-mt.read.1.tlog
C:\dev\volviewer\Debug\link.4080-mt.write.1.tlog
C:\dev\volviewer\Debug\link.4080-rc.read.1.tlog
C:\dev\volviewer\Debug\link.4080-rc.write.1.tlog
C:\dev\volviewer\Debug\link.4080.read.1.tlog
C:\dev\volviewer\Debug\link.4080.write.1.tlog
C:\dev\volviewer\Debug\link.4156-cvtres.read.1.tlog
C:\dev\volviewer\Debug\link.4156-cvtres.write.1.tlog
C:\dev\volviewer\Debug\link.4156-mt.read.1.tlog
C:\dev\volviewer\Debug\link.4156-mt.write.1.tlog
C:\dev\volviewer\Debug\link.4156-rc.read.1.tlog
C:\dev\volviewer\Debug\link.4156-rc.write.1.tlog
C:\dev\volviewer\Debug\link.4156.read.1.tlog
C:\dev\volviewer\Debug\link.4156.write.1.tlog
C:\dev\volviewer\Debug\link.4644-cvtres.read.1.tlog
C:\dev\volviewer\Debug\link.4644-cvtres.write.1.tlog
C:\dev\volviewer\Debug\link.4644-mt.read.1.tlog
C:\dev\volviewer\Debug\link.4644-mt.write.1.tlog
C:\dev\volviewer\Debug\link.4644-rc.read.1.tlog
C:\dev\volviewer\Debug\link.4644-rc.write.1.tlog
C:\dev\volviewer\Debug\link.4644.read.1.tlog
C:\dev\volviewer\Debug\link.4644.write.1.tlog
C:\dev\volviewer\Debug\link.4828-cvtres.read.1.tlog
C:\dev\volviewer\Debug\link.4828-cvtres.write.1.tlog
C:\dev\volviewer\Debug\link.4828-mt.read.1.tlog
C:\dev\volviewer\Debug\link.4828-mt.write.1.tlog
C:\dev\volviewer\Debug\link.4828-rc.read.1.tlog
C:\dev\volviewer\Debug\link.4828-rc.write.1.tlog
C:\dev\volviewer\Debug\link.4828.read.1.tlog
C:\dev\volviewer\Debug\link.4828.write.1.tlog
C:\dev\volviewer\Debug\link.4952-cvtres.read.1.tlog
C:\dev\volviewer\Debug\link.4952-cvtres.write.1.tlog
C:\dev\volviewer\Debug\link.4952-mt.read.1.tlog
C:\dev\volviewer\Debug\link.4952-mt.write.1.tlog
C:\dev\volviewer\Debug\link.4952-rc.read.1.tlog
C:\dev\volviewer\Debug\link.4952-rc.write.1.tlog
C:\dev\volviewer\Debug\link.4952.read.1.tlog
C:\dev\volviewer\Debug\link.4952.write.1.tlog
C:\dev\volviewer\Debug\link.5272-cvtres.read.1.tlog
C:\dev\volviewer\Debug\link.5272-cvtres.write.1.tlog
C:\dev\volviewer\Debug\link.5272-mt.read.1.tlog
C:\dev\volviewer\Debug\link.5272-mt.write.1.tlog
C:\dev\volviewer\Debug\link.5272-rc.read.1.tlog
C:\dev\volviewer\Debug\link.5272-rc.write.1.tlog
C:\dev\volviewer\Debug\link.5272.read.1.tlog
C:\dev\volviewer\Debug\link.5272.write.1.tlog
C:\dev\volviewer\Debug\link.5412-cvtres.read.1.tlog
C:\dev\volviewer\Debug\link.5412-cvtres.write.1.tlog
C:\dev\volviewer\Debug\link.5412-mt.read.1.tlog
C:\dev\volviewer\Debug\link.5412-mt.write.1.tlog
C:\dev\volviewer\Debug\link.5412-rc.read.1.tlog
C:\dev\volviewer\Debug\link.5412-rc.write.1.tlog
C:\dev\volviewer\Debug\link.5412.read.1.tlog
C:\dev\volviewer\Debug\link.5412.write.1.tlog
C:\dev\volviewer\Debug\link.5716-cvtres.read.1.tlog
C:\dev\volviewer\Debug\link.5716-cvtres.write.1.tlog
C:\dev\volviewer\Debug\link.5716-mt.read.1.tlog
C:\dev\volviewer\Debug\link.5716-mt.write.1.tlog
C:\dev\volviewer\Debug\link.5716-rc.read.1.tlog
C:\dev\volviewer\Debug\link.5716-rc.write.1.tlog
C:\dev\volviewer\Debug\link.5716.read.1.tlog
C:\dev\volviewer\Debug\link.5716.write.1.tlog
C:\dev\volviewer\Debug\link.5732-cvtres.read.1.tlog
C:\dev\volviewer\Debug\link.5732-cvtres.write.1.tlog
C:\dev\volviewer\Debug\link.5732-mt.read.1.tlog
C:\dev\volviewer\Debug\link.5732-mt.write.1.tlog
C:\dev\volviewer\Debug\link.5732-rc.read.1.tlog
C:\dev\volviewer\Debug\link.5732-rc.write.1.tlog
C:\dev\volviewer\Debug\link.5732.read.1.tlog
C:\dev\volviewer\Debug\link.5732.write.1.tlog
C:\dev\volviewer\Debug\link.5776-cvtres.read.1.tlog
C:\dev\volviewer\Debug\link.5776-cvtres.write.1.tlog
C:\dev\volviewer\Debug\link.5776-mt.read.1.tlog
C:\dev\volviewer\Debug\link.5776-mt.write.1.tlog
C:\dev\volviewer\Debug\link.5776-rc.read.1.tlog
C:\dev\volviewer\Debug\link.5776-rc.write.1.tlog
C:\dev\volviewer\Debug\link.5776.read.1.tlog
C:\dev\volviewer\Debug\link.5776.write.1.tlog
C:\dev\volviewer\Debug\link.5852.read.1.tlog
C:\dev\volviewer\Debug\link.5852.write.1.tlog
C:\dev\volviewer\Debug\link.5896-cvtres.read.1.tlog
C:\dev\volviewer\Debug\link.5896-cvtres.write.1.tlog
C:\dev\volviewer\Debug\link.5896-mt.read.1.tlog
C:\dev\volviewer\Debug\link.5896-mt.write.1.tlog
C:\dev\volviewer\Debug\link.5896-rc.read.1.tlog
C:\dev\volviewer\Debug\link.5896-rc.write.1.tlog
C:\dev\volviewer\Debug\link.5896.read.1.tlog
C:\dev\volviewer\Debug\link.5896.write.1.tlog
C:\dev\volviewer\Debug\link.6108-cvtres.read.1.tlog
C:\dev\volviewer\Debug\link.6108-cvtres.write.1.tlog
C:\dev\volviewer\Debug\link.6108-mt.read.1.tlog
C:\dev\volviewer\Debug\link.6108-mt.write.1.tlog
C:\dev\volviewer\Debug\link.6108-rc.read.1.tlog
C:\dev\volviewer\Debug\link.6108-rc.write.1.tlog
C:\dev\volviewer\Debug\link.6108.read.1.tlog
C:\dev\volviewer\Debug\link.6108.write.1.tlog
C:\dev\volviewer\Debug\link.6200-cvtres.read.1.tlog
C:\dev\volviewer\Debug\link.6200-cvtres.write.1.tlog
C:\dev\volviewer\Debug\link.6200-mt.read.1.tlog
C:\dev\volviewer\Debug\link.6200-mt.write.1.tlog
C:\dev\volviewer\Debug\link.6200-rc.read.1.tlog
C:\dev\volviewer\Debug\link.6200-rc.write.1.tlog
C:\dev\volviewer\Debug\link.6200.read.1.tlog
C:\dev\volviewer\Debug\link.6200.write.1.tlog
C:\dev\volviewer\Debug\link.6280-cvtres.read.1.tlog
C:\dev\volviewer\Debug\link.6280-cvtres.write.1.tlog
C:\dev\volviewer\Debug\link.6280-mt.read.1.tlog
C:\dev\volviewer\Debug\link.6280-mt.write.1.tlog
C:\dev\volviewer\Debug\link.6280-rc.read.1.tlog
C:\dev\volviewer\Debug\link.6280-rc.write.1.tlog
C:\dev\volviewer\Debug\link.6280.read.1.tlog
C:\dev\volviewer\Debug\link.6280.write.1.tlog
C:\dev\volviewer\Debug\link.6288-cvtres.read.1.tlog
C:\dev\volviewer\Debug\link.6288-cvtres.write.1.tlog
C:\dev\volviewer\Debug\link.6288-mt.read.1.tlog
C:\dev\volviewer\Debug\link.6288-mt.write.1.tlog
C:\dev\volviewer\Debug\link.6288-rc.read.1.tlog
C:\dev\volviewer\Debug\link.6288-rc.write.1.tlog
C:\dev\volviewer\Debug\link.6288.read.1.tlog
C:\dev\volviewer\Debug\link.6288.write.1.tlog
C:\dev\volviewer\Debug\link.6304-cvtres.read.1.tlog
C:\dev\volviewer\Debug\link.6304-cvtres.write.1.tlog
C:\dev\volviewer\Debug\link.6304-mt.read.1.tlog
C:\dev\volviewer\Debug\link.6304-mt.write.1.tlog
C:\dev\volviewer\Debug\link.6304-rc.read.1.tlog
C:\dev\volviewer\Debug\link.6304-rc.write.1.tlog
C:\dev\volviewer\Debug\link.6304.read.1.tlog
C:\dev\volviewer\Debug\link.6304.write.1.tlog
C:\dev\volviewer\Debug\link.6312.read.1.tlog
C:\dev\volviewer\Debug\link.6312.write.1.tlog
C:\dev\volviewer\Debug\link.6508-cvtres.read.1.tlog
C:\dev\volviewer\Debug\link.6508-cvtres.write.1.tlog
C:\dev\volviewer\Debug\link.6508-mt.read.1.tlog
C:\dev\volviewer\Debug\link.6508-mt.write.1.tlog
C:\dev\volviewer\Debug\link.6508-rc.read.1.tlog
C:\dev\volviewer\Debug\link.6508-rc.write.1.tlog
C:\dev\volviewer\Debug\link.6508.read.1.tlog
C:\dev\volviewer\Debug\link.6508.write.1.tlog
C:\dev\volviewer\Debug\link.6748-cvtres.read.1.tlog
C:\dev\volviewer\Debug\link.6748-cvtres.write.1.tlog
C:\dev\volviewer\Debug\link.6748-mt.read.1.tlog
C:\dev\volviewer\Debug\link.6748-mt.write.1.tlog
C:\dev\volviewer\Debug\link.6748-rc.read.1.tlog
C:\dev\volviewer\Debug\link.6748-rc.write.1.tlog
C:\dev\volviewer\Debug\link.6748.read.1.tlog
C:\dev\volviewer\Debug\link.6748.write.1.tlog
C:\dev\volviewer\Debug\link.6828-cvtres.read.1.tlog
C:\dev\volviewer\Debug\link.6828-cvtres.write.1.tlog
C:\dev\volviewer\Debug\link.6828-mt.read.1.tlog
C:\dev\volviewer\Debug\link.6828-mt.write.1.tlog
C:\dev\volviewer\Debug\link.6828-rc.read.1.tlog
C:\dev\volviewer\Debug\link.6828-rc.write.1.tlog
C:\dev\volviewer\Debug\link.6828.read.1.tlog
C:\dev\volviewer\Debug\link.6828.write.1.tlog
C:\dev\volviewer\Debug\link.6860-cvtres.read.1.tlog
C:\dev\volviewer\Debug\link.6860-cvtres.write.1.tlog
C:\dev\volviewer\Debug\link.6860-mt.read.1.tlog
C:\dev\volviewer\Debug\link.6860-mt.write.1.tlog
C:\dev\volviewer\Debug\link.6860-rc.read.1.tlog
C:\dev\volviewer\Debug\link.6860-rc.write.1.tlog
C:\dev\volviewer\Debug\link.6860.read.1.tlog
C:\dev\volviewer\Debug\link.6860.write.1.tlog
C:\dev\volviewer\Debug\link.6900-cvtres.read.1.tlog
C:\dev\volviewer\Debug\link.6900-cvtres.write.1.tlog
C:\dev\volviewer\Debug\link.6900-mt.read.1.tlog
C:\dev\volviewer\Debug\link.6900-mt.write.1.tlog
C:\dev\volviewer\Debug\link.6900-rc.read.1.tlog
C:\dev\volviewer\Debug\link.6900-rc.write.1.tlog
C:\dev\volviewer\Debug\link.6900.read.1.tlog
C:\dev\volviewer\Debug\link.6900.write.1.tlog
C:\dev\volviewer\Debug\link.6964-cvtres.read.1.tlog
C:\dev\volviewer\Debug\link.6964-cvtres.write.1.tlog
C:\dev\volviewer\Debug\link.6964-mt.read.1.tlog
C:\dev\volviewer\Debug\link.6964-mt.write.1.tlog
C:\dev\volviewer\Debug\link.6964-rc.read.1.tlog
C:\dev\volviewer\Debug\link.6964-rc.write.1.tlog
C:\dev\volviewer\Debug\link.6964.read.1.tlog
C:\dev\volviewer\Debug\link.6964.write.1.tlog
C:\dev\volviewer\Debug\link.7032-cvtres.read.1.tlog
C:\dev\volviewer\Debug\link.7032-cvtres.write.1.tlog
C:\dev\volviewer\Debug\link.7032-mt.read.1.tlog
C:\dev\volviewer\Debug\link.7032-mt.write.1.tlog
C:\dev\volviewer\Debug\link.7032-rc.read.1.tlog
C:\dev\volviewer\Debug\link.7032-rc.write.1.tlog
C:\dev\volviewer\Debug\link.7032.read.1.tlog
C:\dev\volviewer\Debug\link.7032.write.1.tlog
C:\dev\volviewer\Debug\link.7152-cvtres.read.1.tlog
C:\dev\volviewer\Debug\link.7152-cvtres.write.1.tlog
C:\dev\volviewer\Debug\link.7152-mt.read.1.tlog
C:\dev\volviewer\Debug\link.7152-mt.write.1.tlog
C:\dev\volviewer\Debug\link.7152-rc.read.1.tlog
C:\dev\volviewer\Debug\link.7152-rc.write.1.tlog
C:\dev\volviewer\Debug\link.7152.read.1.tlog
C:\dev\volviewer\Debug\link.7152.write.1.tlog
C:\dev\volviewer\Debug\link.command.1.tlog
C:\dev\volviewer\Debug\link.read.1.tlog
C:\dev\volviewer\Debug\link.write.1.tlog
C:\dev\volviewer\Debug\rc.command.1.tlog
C:\dev\volviewer\Debug\rc.read.1.tlog
C:\dev\volviewer\Debug\rc.write.1.tlog
C:\dev\volviewer\Debug\vc110.idb
