Compilación iniciada a las 29/04/2016 20:38:53.
     1>Proyecto "C:\dev\volviewer\volviewer.vcxproj" en el nodo 2 (Build destinos).
     1>ClCompile:
         C:\Program Files (x86)\Microsoft Visual Studio 11.0\VC\bin\CL.exe /c /ZI /nologo /W3 /WX- /Od /Oy- /D WIN32 /D _WINDOWS /D _DEBUG /D _MBCS /Gm /EHsc /RTC1 /MTd /GS /fp:precise /Zc:wchar_t /Zc:forScope /Yu"stdafx.h" /Fp"Debug\volviewer.pch" /Fo"Debug\\" /Fd"Debug\vc110.pdb" /Gd /TP /analyze- /errorReport:prompt RenderEngine.cpp
         RenderEngine.cpp
     1>c:\dev\volviewer\renderengine.cpp(175): warning C4244: 'inicializando' : conversión de 'double' a 'float'; posible pérdida de datos
     1>c:\dev\volviewer\renderengine.cpp(199): warning C4996: 'sprintf': This function or variable may be unsafe. Consider using sprintf_s instead. To disable deprecation, use _CRT_SECURE_NO_WARNINGS. See online help for details.
                 c:\program files (x86)\microsoft visual studio 11.0\vc\include\stdio.h(357) : vea la declaración de 'sprintf'
     1>c:\dev\volviewer\renderengine.cpp(293): warning C4305: 'inicializando' : truncamiento de 'double' a 'float'
     1>c:\dev\volviewer\renderengine.cpp(294): warning C4244: 'inicializando' : conversión de 'double' a 'float'; posible pérdida de datos
     1>c:\dev\volviewer\renderengine.cpp(295): warning C4244: 'inicializando' : conversión de 'double' a 'float'; posible pérdida de datos
     1>c:\dev\volviewer\renderengine.cpp(414): warning C4996: 'fopen': This function or variable may be unsafe. Consider using fopen_s instead. To disable deprecation, use _CRT_SECURE_NO_WARNINGS. See online help for details.
                 c:\program files (x86)\microsoft visual studio 11.0\vc\include\stdio.h(218) : vea la declaración de 'fopen'
       Link:
         C:\Program Files (x86)\Microsoft Visual Studio 11.0\VC\bin\link.exe /ERRORREPORT:PROMPT /OUT:"C:\dev\volviewer\Debug\volviewer.exe" /INCREMENTAL /NOLOGO /MANIFEST /MANIFESTUAC:"level='asInvoker' uiAccess='false'" /manifest:embed /manifestinput:"C:\Program Files (x86)\Microsoft Visual Studio 11.0\VC\Include\Manifest\dpiaware.manifest" /DEBUG /PDB:"C:\dev\volviewer\Debug\volviewer.pdb" /SUBSYSTEM:WINDOWS /TLBID:1 /DYNAMICBASE /NXCOMPAT /IMPLIB:"C:\dev\volviewer\Debug\volviewer.lib" /MACHINE:X86 Debug\volviewer.res
         Debug\ChildView.obj
         Debug\MainFrm.obj
         Debug\math.obj
         Debug\RenderEngine.obj
         Debug\stdafx.obj
         Debug\volviewer.obj
         volviewer.vcxproj -> C:\dev\volviewer\Debug\volviewer.exe
     1>Compilación del proyecto terminada "C:\dev\volviewer\volviewer.vcxproj" (Build destinos).

Compilación correcta.

Tiempo transcurrido 00:00:00.79
